1723321786.768489 client started (55367): version 3.4, socket /private/tmp/tmux-502/default, protocol 8
1723321786.768546 on Darwin 23.4.0 Darwin Kernel Version 23.4.0: Wed Feb 21 21:44:54 PST 2024; root:xnu-10063.101.15~2/RELEASE_ARM64_T6030
1723321786.768564 using libevent 2.1.12-stable select
1723321786.768803 using utf8proc 2.9.0
1723321786.768820 using ncurses 6.5 20240427
1723321786.768841 flags are 0x18010000
1723321786.768851 socket is /private/tmp/tmux-502/default
1723321786.768865 trying connect
1723321786.768971 add peer 0x150008000: 6 (0x0)
1723321786.771707 sending message 100 to peer 0x150008000 (4 bytes)
1723321786.771721 sending message 111 to peer 0x150008000 (8 bytes)
1723321786.771731 sending message 101 to peer 0x150008000 (15 bytes)
1723321786.771741 sending message 109 to peer 0x150008000 (4 bytes)
1723321786.771750 sending message 102 to peer 0x150008000 (13 bytes)
1723321786.771758 sending message 108 to peer 0x150008000 (34 bytes)
1723321786.771767 sending message 112 to peer 0x150008000 (58 bytes)
1723321786.771776 sending message 112 to peer 0x150008000 (5 bytes)
1723321786.771784 sending message 112 to peer 0x150008000 (5 bytes)
1723321786.771793 sending message 112 to peer 0x150008000 (6 bytes)
1723321786.771801 sending message 112 to peer 0x150008000 (6 bytes)
1723321786.771809 sending message 112 to peer 0x150008000 (11 bytes)
1723321786.771818 sending message 112 to peer 0x150008000 (10 bytes)
1723321786.771826 sending message 112 to peer 0x150008000 (13 bytes)
1723321786.771834 sending message 112 to peer 0x150008000 (14 bytes)
1723321786.771842 sending message 112 to peer 0x150008000 (19 bytes)
1723321786.771851 sending message 112 to peer 0x150008000 (11 bytes)
1723321786.771859 sending message 112 to peer 0x150008000 (10 bytes)
1723321786.771867 sending message 112 to peer 0x150008000 (15 bytes)
1723321786.771875 sending message 112 to peer 0x150008000 (21 bytes)
1723321786.771883 sending message 112 to peer 0x150008000 (13 bytes)
1723321786.771891 sending message 112 to peer 0x150008000 (7 bytes)
1723321786.771900 sending message 112 to peer 0x150008000 (13 bytes)
1723321786.771908 sending message 112 to peer 0x150008000 (7 bytes)
1723321786.771916 sending message 112 to peer 0x150008000 (13 bytes)
1723321786.771924 sending message 112 to peer 0x150008000 (9 bytes)
1723321786.771932 sending message 112 to peer 0x150008000 (21 bytes)
1723321786.771940 sending message 112 to peer 0x150008000 (13 bytes)
1723321786.771948 sending message 112 to peer 0x150008000 (9 bytes)
1723321786.771957 sending message 112 to peer 0x150008000 (16 bytes)
1723321786.771968 sending message 112 to peer 0x150008000 (13 bytes)
1723321786.771977 sending message 112 to peer 0x150008000 (9 bytes)
1723321786.771986 sending message 112 to peer 0x150008000 (9 bytes)
1723321786.771995 sending message 112 to peer 0x150008000 (12 bytes)
1723321786.772004 sending message 112 to peer 0x150008000 (8 bytes)
1723321786.772013 sending message 112 to peer 0x150008000 (8 bytes)
1723321786.772022 sending message 112 to peer 0x150008000 (13 bytes)
1723321786.772031 sending message 112 to peer 0x150008000 (7 bytes)
1723321786.772040 sending message 112 to peer 0x150008000 (7 bytes)
1723321786.772049 sending message 112 to peer 0x150008000 (9 bytes)
1723321786.772057 sending message 112 to peer 0x150008000 (9 bytes)
1723321786.772066 sending message 112 to peer 0x150008000 (15 bytes)
1723321786.772075 sending message 112 to peer 0x150008000 (13 bytes)
1723321786.772084 sending message 112 to peer 0x150008000 (12 bytes)
1723321786.772093 sending message 112 to peer 0x150008000 (8 bytes)
1723321786.772102 sending message 112 to peer 0x150008000 (14 bytes)
1723321786.772111 sending message 112 to peer 0x150008000 (11 bytes)
1723321786.772120 sending message 112 to peer 0x150008000 (9 bytes)
1723321786.772128 sending message 112 to peer 0x150008000 (10 bytes)
1723321786.772136 sending message 112 to peer 0x150008000 (10 bytes)
1723321786.772144 sending message 112 to peer 0x150008000 (10 bytes)
1723321786.772152 sending message 112 to peer 0x150008000 (10 bytes)
1723321786.772168 sending message 112 to peer 0x150008000 (11 bytes)
1723321786.772176 sending message 112 to peer 0x150008000 (12 bytes)
1723321786.772183 sending message 112 to peer 0x150008000 (12 bytes)
1723321786.772190 sending message 112 to peer 0x150008000 (12 bytes)
1723321786.772196 sending message 112 to peer 0x150008000 (12 bytes)
1723321786.772203 sending message 112 to peer 0x150008000 (12 bytes)
1723321786.772209 sending message 112 to peer 0x150008000 (11 bytes)
1723321786.772216 sending message 112 to peer 0x150008000 (11 bytes)
1723321786.772223 sending message 112 to peer 0x150008000 (12 bytes)
1723321786.772229 sending message 112 to peer 0x150008000 (12 bytes)
1723321786.772236 sending message 112 to peer 0x150008000 (12 bytes)
1723321786.772243 sending message 112 to peer 0x150008000 (12 bytes)
1723321786.772249 sending message 112 to peer 0x150008000 (12 bytes)
1723321786.772256 sending message 112 to peer 0x150008000 (9 bytes)
1723321786.772263 sending message 112 to peer 0x150008000 (12 bytes)
1723321786.772269 sending message 112 to peer 0x150008000 (13 bytes)
1723321786.772276 sending message 112 to peer 0x150008000 (13 bytes)
1723321786.772282 sending message 112 to peer 0x150008000 (13 bytes)
1723321786.772293 sending message 112 to peer 0x150008000 (13 bytes)
1723321786.772299 sending message 112 to peer 0x150008000 (13 bytes)
1723321786.772307 sending message 112 to peer 0x150008000 (8 bytes)
1723321786.772314 sending message 112 to peer 0x150008000 (11 bytes)
1723321786.772321 sending message 112 to peer 0x150008000 (11 bytes)
1723321786.772328 sending message 112 to peer 0x150008000 (11 bytes)
1723321786.772336 sending message 112 to peer 0x150008000 (12 bytes)
1723321786.772343 sending message 112 to peer 0x150008000 (12 bytes)
1723321786.772350 sending message 112 to peer 0x150008000 (12 bytes)
1723321786.772357 sending message 112 to peer 0x150008000 (12 bytes)
1723321786.772364 sending message 112 to peer 0x150008000 (13 bytes)
1723321786.772371 sending message 112 to peer 0x150008000 (13 bytes)
1723321786.772378 sending message 112 to peer 0x150008000 (13 bytes)
1723321786.772385 sending message 112 to peer 0x150008000 (8 bytes)
1723321786.772393 sending message 112 to peer 0x150008000 (13 bytes)
1723321786.772400 sending message 112 to peer 0x150008000 (13 bytes)
1723321786.772407 sending message 112 to peer 0x150008000 (13 bytes)
1723321786.772414 sending message 112 to peer 0x150008000 (13 bytes)
1723321786.772422 sending message 112 to peer 0x150008000 (13 bytes)
1723321786.772428 sending message 112 to peer 0x150008000 (12 bytes)
1723321786.772435 sending message 112 to peer 0x150008000 (12 bytes)
1723321786.772441 sending message 112 to peer 0x150008000 (12 bytes)
1723321786.772448 sending message 112 to peer 0x150008000 (12 bytes)
1723321786.772455 sending message 112 to peer 0x150008000 (13 bytes)
1723321786.772461 sending message 112 to peer 0x150008000 (8 bytes)
1723321786.772468 sending message 112 to peer 0x150008000 (13 bytes)
1723321786.772474 sending message 112 to peer 0x150008000 (13 bytes)
1723321786.772481 sending message 112 to peer 0x150008000 (13 bytes)
1723321786.772487 sending message 112 to peer 0x150008000 (13 bytes)
1723321786.772494 sending message 112 to peer 0x150008000 (13 bytes)
1723321786.772500 sending message 112 to peer 0x150008000 (13 bytes)
1723321786.772507 sending message 112 to peer 0x150008000 (13 bytes)
1723321786.772513 sending message 112 to peer 0x150008000 (12 bytes)
1723321786.772520 sending message 112 to peer 0x150008000 (12 bytes)
1723321786.772527 sending message 112 to peer 0x150008000 (12 bytes)
1723321786.772533 sending message 112 to peer 0x150008000 (8 bytes)
1723321786.772540 sending message 112 to peer 0x150008000 (12 bytes)
1723321786.772546 sending message 112 to peer 0x150008000 (13 bytes)
1723321786.772553 sending message 112 to peer 0x150008000 (13 bytes)
1723321786.772559 sending message 112 to peer 0x150008000 (13 bytes)
1723321786.772569 sending message 112 to peer 0x150008000 (13 bytes)
1723321786.772576 sending message 112 to peer 0x150008000 (13 bytes)
1723321786.772590 sending message 112 to peer 0x150008000 (13 bytes)
1723321786.772598 sending message 112 to peer 0x150008000 (13 bytes)
1723321786.772605 sending message 112 to peer 0x150008000 (13 bytes)
1723321786.772612 sending message 112 to peer 0x150008000 (12 bytes)
1723321786.772620 sending message 112 to peer 0x150008000 (10 bytes)
1723321786.772627 sending message 112 to peer 0x150008000 (12 bytes)
1723321786.772635 sending message 112 to peer 0x150008000 (12 bytes)
1723321786.772641 sending message 112 to peer 0x150008000 (12 bytes)
1723321786.772649 sending message 112 to peer 0x150008000 (13 bytes)
1723321786.772656 sending message 112 to peer 0x150008000 (13 bytes)
1723321786.772663 sending message 112 to peer 0x150008000 (13 bytes)
1723321786.772671 sending message 112 to peer 0x150008000 (13 bytes)
1723321786.772678 sending message 112 to peer 0x150008000 (13 bytes)
1723321786.772685 sending message 112 to peer 0x150008000 (13 bytes)
1723321786.772692 sending message 112 to peer 0x150008000 (13 bytes)
1723321786.772699 sending message 112 to peer 0x150008000 (10 bytes)
1723321786.772706 sending message 112 to peer 0x150008000 (13 bytes)
1723321786.772712 sending message 112 to peer 0x150008000 (12 bytes)
1723321786.772719 sending message 112 to peer 0x150008000 (12 bytes)
1723321786.772725 sending message 112 to peer 0x150008000 (12 bytes)
1723321786.772732 sending message 112 to peer 0x150008000 (10 bytes)
1723321786.772738 sending message 112 to peer 0x150008000 (10 bytes)
1723321786.772745 sending message 112 to peer 0x150008000 (10 bytes)
1723321786.772751 sending message 112 to peer 0x150008000 (12 bytes)
1723321786.772758 sending message 112 to peer 0x150008000 (13 bytes)
1723321786.772765 sending message 112 to peer 0x150008000 (13 bytes)
1723321786.772771 sending message 112 to peer 0x150008000 (13 bytes)
1723321786.772778 sending message 112 to peer 0x150008000 (13 bytes)
1723321786.772785 sending message 112 to peer 0x150008000 (13 bytes)
1723321786.772791 sending message 112 to peer 0x150008000 (10 bytes)
1723321786.772798 sending message 112 to peer 0x150008000 (11 bytes)
1723321786.772804 sending message 112 to peer 0x150008000 (12 bytes)
1723321786.772811 sending message 112 to peer 0x150008000 (12 bytes)
1723321786.772817 sending message 112 to peer 0x150008000 (12 bytes)
1723321786.772823 sending message 112 to peer 0x150008000 (12 bytes)
1723321786.772830 sending message 112 to peer 0x150008000 (12 bytes)
1723321786.772836 sending message 112 to peer 0x150008000 (11 bytes)
1723321786.772843 sending message 112 to peer 0x150008000 (12 bytes)
1723321786.772853 sending message 112 to peer 0x150008000 (12 bytes)
1723321786.772859 sending message 112 to peer 0x150008000 (13 bytes)
1723321786.772867 sending message 112 to peer 0x150008000 (13 bytes)
1723321786.772873 sending message 112 to peer 0x150008000 (13 bytes)
1723321786.772881 sending message 112 to peer 0x150008000 (13 bytes)
1723321786.772888 sending message 112 to peer 0x150008000 (13 bytes)
1723321786.772895 sending message 112 to peer 0x150008000 (10 bytes)
1723321786.772902 sending message 112 to peer 0x150008000 (9 bytes)
1723321786.772909 sending message 112 to peer 0x150008000 (12 bytes)
1723321786.772916 sending message 112 to peer 0x150008000 (13 bytes)
1723321786.772923 sending message 112 to peer 0x150008000 (13 bytes)
1723321786.772930 sending message 112 to peer 0x150008000 (13 bytes)
1723321786.772938 sending message 112 to peer 0x150008000 (13 bytes)
1723321786.772945 sending message 112 to peer 0x150008000 (13 bytes)
1723321786.772952 sending message 112 to peer 0x150008000 (9 bytes)
1723321786.772959 sending message 112 to peer 0x150008000 (12 bytes)
1723321786.772967 sending message 112 to peer 0x150008000 (13 bytes)
1723321786.772974 sending message 112 to peer 0x150008000 (13 bytes)
1723321786.772981 sending message 112 to peer 0x150008000 (13 bytes)
1723321786.772988 sending message 112 to peer 0x150008000 (13 bytes)
1723321786.772995 sending message 112 to peer 0x150008000 (13 bytes)
1723321786.773007 sending message 112 to peer 0x150008000 (11 bytes)
1723321786.773014 sending message 112 to peer 0x150008000 (12 bytes)
1723321786.773020 sending message 112 to peer 0x150008000 (13 bytes)
1723321786.773027 sending message 112 to peer 0x150008000 (13 bytes)
1723321786.773033 sending message 112 to peer 0x150008000 (13 bytes)
1723321786.773040 sending message 112 to peer 0x150008000 (13 bytes)
1723321786.773046 sending message 112 to peer 0x150008000 (13 bytes)
1723321786.773053 sending message 112 to peer 0x150008000 (11 bytes)
1723321786.773059 sending message 112 to peer 0x150008000 (12 bytes)
1723321786.773066 sending message 112 to peer 0x150008000 (12 bytes)
1723321786.773072 sending message 112 to peer 0x150008000 (12 bytes)
1723321786.773079 sending message 112 to peer 0x150008000 (12 bytes)
1723321786.773085 sending message 112 to peer 0x150008000 (12 bytes)
1723321786.773092 sending message 112 to peer 0x150008000 (21 bytes)
1723321786.773098 sending message 112 to peer 0x150008000 (12 bytes)
1723321786.773105 sending message 112 to peer 0x150008000 (9 bytes)
1723321786.773111 sending message 112 to peer 0x150008000 (6 bytes)
1723321786.773118 sending message 112 to peer 0x150008000 (13 bytes)
1723321786.773125 sending message 112 to peer 0x150008000 (10 bytes)
1723321786.773135 sending message 112 to peer 0x150008000 (24 bytes)
1723321786.773141 sending message 112 to peer 0x150008000 (13 bytes)
1723321786.773149 sending message 112 to peer 0x150008000 (9 bytes)
1723321786.773155 sending message 112 to peer 0x150008000 (70 bytes)
1723321786.773163 sending message 112 to peer 0x150008000 (69 bytes)
1723321786.773170 sending message 112 to peer 0x150008000 (12 bytes)
1723321786.773177 sending message 112 to peer 0x150008000 (10 bytes)
1723321786.773184 sending message 112 to peer 0x150008000 (10 bytes)
1723321786.773192 sending message 112 to peer 0x150008000 (24 bytes)
1723321786.773199 sending message 112 to peer 0x150008000 (13 bytes)
1723321786.773206 sending message 112 to peer 0x150008000 (10 bytes)
1723321786.773214 sending message 112 to peer 0x150008000 (10 bytes)
1723321786.773221 sending message 112 to peer 0x150008000 (10 bytes)
1723321786.773228 sending message 112 to peer 0x150008000 (13 bytes)
1723321786.773235 sending message 112 to peer 0x150008000 (15 bytes)
1723321786.773242 sending message 112 to peer 0x150008000 (5 bytes)
1723321786.773251 sending message 104 to peer 0x150008000 (0 bytes)
1723321786.773259 sending message 110 to peer 0x150008000 (0 bytes)
1723321786.773266 sending message 107 to peer 0x150008000 (4 bytes)
1723321786.773273 sending message 105 to peer 0x150008000 (38 bytes)
1723321786.773280 sending message 105 to peer 0x150008000 (61 bytes)
1723321786.773287 sending message 105 to peer 0x150008000 (388 bytes)
1723321786.773294 sending message 105 to peer 0x150008000 (22 bytes)
1723321786.773301 sending message 105 to peer 0x150008000 (14 bytes)
1723321786.773307 sending message 105 to peer 0x150008000 (23 bytes)
1723321786.773314 sending message 105 to peer 0x150008000 (28 bytes)
1723321786.773320 sending message 105 to peer 0x150008000 (19 bytes)
1723321786.773327 sending message 105 to peer 0x150008000 (27 bytes)
1723321786.773334 sending message 105 to peer 0x150008000 (32 bytes)
1723321786.773340 sending message 105 to peer 0x150008000 (19 bytes)
1723321786.773347 sending message 105 to peer 0x150008000 (66 bytes)
1723321786.773353 sending message 105 to peer 0x150008000 (29 bytes)
1723321786.773360 sending message 105 to peer 0x150008000 (60 bytes)
1723321786.773366 sending message 105 to peer 0x150008000 (43 bytes)
1723321786.773373 sending message 105 to peer 0x150008000 (22 bytes)
1723321786.773379 sending message 105 to peer 0x150008000 (15 bytes)
1723321786.773386 sending message 105 to peer 0x150008000 (14 bytes)
1723321786.773392 sending message 105 to peer 0x150008000 (19 bytes)
1723321786.773399 sending message 105 to peer 0x150008000 (17 bytes)
1723321786.773406 sending message 105 to peer 0x150008000 (20 bytes)
1723321786.773422 sending message 105 to peer 0x150008000 (57 bytes)
1723321786.773430 sending message 105 to peer 0x150008000 (26 bytes)
1723321786.773437 sending message 105 to peer 0x150008000 (20 bytes)
1723321786.773445 sending message 105 to peer 0x150008000 (22 bytes)
1723321786.773452 sending message 105 to peer 0x150008000 (8 bytes)
1723321786.773459 sending message 106 to peer 0x150008000 (0 bytes)
1723321786.773525 sending message 200 to peer 0x150008000 (4 bytes)
1723321786.773535 client loop enter
1723321786.780643 peer 0x150008000 message 207
1723321786.780668 sending message 208 to peer 0x150008000 (0 bytes)
1723321950.476212 peer 0x150008000 message 203
1723321950.476733 sending message 205 to peer 0x150008000 (0 bytes)
1723321950.477422 peer 0x150008000 message 204
1723321950.477567 client loop exit
